<?xml version="1.0" encoding="UTF-8"?>
<!-- Generated by org.testng.reporters.JUnitXMLReporter -->
<testsuite ignored="0" hostname="ajith-latitude-5590" failures="0" tests="3" name="Default test" time="4.842" errors="0" timestamp="2022-09-05T15:04:54 PDT">
  <testcase classname="com.dsalgo.testcases.LoginPageTesting" name="negativeTest1Login" time="3.766"/>
  <testcase classname="com.dsalgo.testcases.LoginPageTesting" name="LoginTestingsetup" time="0.929"/>
  <testcase classname="com.dsalgo.testcases.LoginPageTesting" name="drowndown" time="0.006"/>
</testsuite> <!-- Default test -->
