<?xml version="1.0" encoding="UTF-8"?>
<!-- Generated by org.testng.reporters.JUnitXMLReporter -->
<testsuite ignored="6" hostname="ajith-latitude-5590" failures="1" tests="11" name="Test" time="40.492" errors="0" timestamp="2022-09-06T13:29:37 PDT">
  <testcase classname="com.dsalgo.testcases.Homepagetesting" name="negativeTest" time="0.262">
    <failure type="java.lang.AssertionError" message="expected:&amp;lt;NumpyNinja&amp;gt; but was:&amp;lt;NumpyNinga1&amp;gt;">
      <![CDATA[java.lang.AssertionError: expected:<NumpyNinja> but was:<NumpyNinga1>
at com.dsalgo.testcases.Homepagetesting.negativeTest(Homepagetesting.java:39)
at java.base/java.util.ArrayList.forEach(ArrayList.java:1511)
... Removed 27 stack frames]]>
    </failure>
  </testcase> <!-- negativeTest -->
  <testcase classname="com.dsalgo.testcases.Homepagetesting" name="Homepagetest" time="2.499"/>
  <testcase classname="com.dsalgo.testcases.RegisterTestExcelDataProvider" name="test1" time="0.476"/>
  <testcase classname="com.dsalgo.testcases.RegisterTestExcelDataProvider" name="test1" time="0.496"/>
  <testcase classname="com.dsalgo.testcases.RegisterTestExcelDataProvider" name="test1" time="0.483"/>
  <testcase classname="com.dsalgo.testcases.RegisterTestExcelDataProvider" name="test1" time="0.015"/>
  <testcase classname="com.dsalgo.testcases.LoginPageTesting" name="negativeTest1Login" time="2.839"/>
  <testcase classname="com.dsalgo.testcases.LoginPageTesting" name="LoginTestingsetup" time="0.898"/>
  <testcase classname="com.dsalgo.testcases.LoginPageTesting" name="drowndown" time="0.015"/>
  <testcase classname="com.dsalgo.testcases.ModuleTest" name="GraphTest" time="14.315"/>
  <testcase classname="com.dsalgo.testcases.ModuleTest" name="QueueTest" time="11.218"/>
  <testcase classname="com.dsalgo.testcases.Baseclass" name="@BeforeSuite setup" time="0.0">
    <ignored/>
  </testcase> <!-- @BeforeSuite setup -->
  <testcase classname="com.dsalgo.testcases.Baseclass" name="@BeforeSuite setup" time="0.0">
    <ignored/>
  </testcase> <!-- @BeforeSuite setup -->
  <testcase classname="com.dsalgo.testcases.Baseclass" name="@BeforeSuite setup" time="0.0">
    <ignored/>
  </testcase> <!-- @BeforeSuite setup -->
  <testcase classname="com.dsalgo.testcases.Baseclass" name="@AfterSuite teardown" time="0.0">
    <ignored/>
  </testcase> <!-- @AfterSuite teardown -->
  <testcase classname="com.dsalgo.testcases.Baseclass" name="@AfterSuite teardown" time="0.0">
    <ignored/>
  </testcase> <!-- @AfterSuite teardown -->
  <testcase classname="com.dsalgo.testcases.Baseclass" name="@AfterSuite teardown" time="0.0">
    <ignored/>
  </testcase> <!-- @AfterSuite teardown -->
</testsuite> <!-- Test -->
