<?xml version="1.0" encoding="UTF-8"?>
<!-- Generated by org.testng.reporters.JUnitXMLReporter -->
<testsuite ignored="0" hostname="ajith-latitude-5590" failures="1" tests="1" name="Test" time="1.073" errors="0" timestamp="2022-08-23T16:52:14 PDT">
  <testcase classname="com.dsalgo.testcases.Registerpagetesting" name="registermethod" time="0.04">
    <failure type="java.lang.NullPointerException" message="Cannot invoke &amp;quot;org.openqa.selenium.SearchContext.findElement(org.openqa.selenium.By)&amp;quot; because &amp;quot;this.searchContext&amp;quot; is null">
      <![CDATA[java.lang.NullPointerException: Cannot invoke "org.openqa.selenium.SearchContext.findElement(org.openqa.selenium.By)" because "this.searchContext" is null
at org.openqa.selenium.support.pagefactory.DefaultElementLocator.findElement(DefaultElementLocator.java:70)
at org.openqa.selenium.support.pagefactory.internal.LocatingElementHandler.invoke(LocatingElementHandler.java:39)
at jdk.proxy2/jdk.proxy2.$Proxy19.click(Unknown Source)
at com.dsalgo.pageobjects.Getstartedpagepageobject.Getstartedclick(Getstartedpagepageobject.java:27)
at com.dsalgo.testcases.Registerpagetesting.registermethod(Registerpagetesting.java:36)
at java.base/java.util.ArrayList.forEach(ArrayList.java:1511)
... Removed 25 stack frames]]>
    </failure>
  </testcase> <!-- registermethod -->
</testsuite> <!-- Test -->
